[debug] [2021-10-19T18:25:18.574Z] ----------------------------------------------------------------------
[debug] [2021-10-19T18:25:18.580Z] Command:       C:\Program Files\nodejs\node.exe C:\Users\neha\AppData\Roaming\npm\node_modules\firebase-tools\lib\bin\firebase.js emulators:start
[debug] [2021-10-19T18:25:18.581Z] CLI Version:   9.20.0
[debug] [2021-10-19T18:25:18.581Z] Platform:      win32
[debug] [2021-10-19T18:25:18.581Z] Node Version:  v14.17.3
[debug] [2021-10-19T18:25:18.584Z] Time:          Tue Oct 19 2021 23:55:18 GMT+0530 (India Standard Time)
[debug] [2021-10-19T18:25:18.584Z] ----------------------------------------------------------------------
[debug] 
[debug] [2021-10-19T18:25:18.721Z] > command requires scopes: ["email","openid","https://www.googleapis.com/auth/cloudplatformprojects.readonly","https://www.googleapis.com/auth/firebase","https://www.googleapis.com/auth/cloud-platform"]
[debug] [2021-10-19T18:25:18.721Z] > authorizing via signed-in user (nehajha12150@gmail.com)
[info] i  emulators: Starting emulators: functions, hosting {"metadata":{"emulator":{"name":"hub"},"message":"Starting emulators: functions, hosting"}}
[warn] !  emulators: It seems that you are running multiple instances of the emulator suite for project fir-e0f1a. This may result in unexpected behavior. 
[debug] [2021-10-19T18:25:18.837Z] [hub] writing locator at C:\Users\neha\AppData\Local\Temp\hub-fir-e0f1a.json
[warn] !  functions: The following emulators are not running, calls to these services from the Functions emulator will affect production: auth, firestore, database, pubsub, storage {"metadata":{"emulator":{"name":"functions"},"message":"The following emulators are not running, calls to these services from the Functions emulator will affect production: \u001b[1mauth, firestore, database, pubsub, storage\u001b[22m"}}
[info] +  functions: Using node@14 from host. {"metadata":{"emulator":{"name":"functions"},"message":"Using node@14 from host."}}
[debug] [2021-10-19T18:25:19.139Z] defaultcredentials: writing to file C:\Users\neha\AppData\Roaming\firebase\nehajha12150_gmail_com_application_default_credentials.json
[debug] [2021-10-19T18:25:19.161Z] Setting GAC to C:\Users\neha\AppData\Roaming\firebase\nehajha12150_gmail_com_application_default_credentials.json {"metadata":{"emulator":{"name":"functions"},"message":"Setting GAC to C:\\Users\\neha\\AppData\\Roaming\\firebase\\nehajha12150_gmail_com_application_default_credentials.json"}}
[debug] [2021-10-19T18:25:19.170Z] > refreshing access token with scopes: []
[debug] [2021-10-19T18:25:19.172Z] >>> HTTP REQUEST POST https://www.googleapis.com/oauth2/v3/token  
 <request body omitted>
[debug] [2021-10-19T18:25:19.655Z] <<< HTTP RESPONSE 200 {"pragma":"no-cache","cache-control":"no-cache, no-store, max-age=0, must-revalidate","date":"Tue, 19 Oct 2021 18:25:22 GMT","expires":"Mon, 01 Jan 1990 00:00:00 GMT","content-type":"application/json; charset=utf-8","vary":"X-Origin, Referer, Origin,Accept-Encoding","server":"scaffolding on HTTPServer2","x-xss-protection":"0","x-frame-options":"SAMEORIGIN","x-content-type-options":"nosniff","alt-svc":"h3=\":443\"; ma=2592000,h3-29=\":443\"; ma=2592000,h3-T051=\":443\"; ma=2592000,h3-Q050=\":443\"; ma=2592000,h3-Q046=\":443\"; ma=2592000,h3-Q043=\":443\"; ma=2592000,quic=\":443\"; ma=2592000; v=\"46,43\"","accept-ranges":"none","transfer-encoding":"chunked"}
[debug] [2021-10-19T18:25:19.748Z] >>> [apiv2][query] GET https://firebase.googleapis.com/v1beta1/projects/fir-e0f1a/adminSdkConfig [none]
[debug] [2021-10-19T18:25:20.490Z] <<< [apiv2][status] GET https://firebase.googleapis.com/v1beta1/projects/fir-e0f1a/adminSdkConfig 200
[debug] [2021-10-19T18:25:20.491Z] <<< [apiv2][body] GET https://firebase.googleapis.com/v1beta1/projects/fir-e0f1a/adminSdkConfig {"projectId":"fir-e0f1a","storageBucket":"fir-e0f1a.appspot.com","locationId":"us-central"}
[debug] [2021-10-19T18:25:20.557Z] >>> [apiv2][query] GET https://firebasehosting.googleapis.com/v1beta1/projects/fir-e0f1a/sites 
[debug] [2021-10-19T18:25:22.804Z] <<< [apiv2][status] GET https://firebasehosting.googleapis.com/v1beta1/projects/fir-e0f1a/sites 200
[debug] [2021-10-19T18:25:22.804Z] <<< [apiv2][body] GET https://firebasehosting.googleapis.com/v1beta1/projects/fir-e0f1a/sites {"sites":[{"name":"projects/85738848519/sites/fir-e0f1a","defaultUrl":"https://fir-e0f1a.web.app","appId":"1:85738848519:web:a825ad98931bd1fb8805a2","type":"DEFAULT_SITE"}]}
[debug] [2021-10-19T18:25:22.805Z] >>> [apiv2][query] GET https://firebase.googleapis.com/v1beta1/projects/fir-e0f1a/webApps/1:85738848519:web:a825ad98931bd1fb8805a2/config [none]
[debug] [2021-10-19T18:25:24.488Z] <<< [apiv2][status] GET https://firebase.googleapis.com/v1beta1/projects/fir-e0f1a/webApps/1:85738848519:web:a825ad98931bd1fb8805a2/config 200
[debug] [2021-10-19T18:25:24.488Z] <<< [apiv2][body] GET https://firebase.googleapis.com/v1beta1/projects/fir-e0f1a/webApps/1:85738848519:web:a825ad98931bd1fb8805a2/config {"projectId":"fir-e0f1a","appId":"1:85738848519:web:a825ad98931bd1fb8805a2","storageBucket":"fir-e0f1a.appspot.com","locationId":"us-central","apiKey":"AIzaSyDYT2iVIVZp-CxCxPdNeRHHepVsoTka-b0","authDomain":"fir-e0f1a.firebaseapp.com","messagingSenderId":"85738848519","measurementId":"G-DX89GMHTY8"}
[info] i  hosting: Serving hosting files from: build {"metadata":{"emulator":{"name":"hosting"},"message":"Serving hosting files from: \u001b[1mbuild\u001b[22m"}}
[info] +  hosting: Local server: http://localhost:5000 {"metadata":{"emulator":{"name":"hosting"},"message":"Local server: \u001b[4m\u001b[1mhttp://localhost:5000\u001b[22m\u001b[24m"}}
[debug] [2021-10-19T18:25:24.978Z] Ignoring unsupported arg: auto_download {"metadata":{"emulator":{"name":"ui"},"message":"Ignoring unsupported arg: auto_download"}}
[debug] [2021-10-19T18:25:24.979Z] Ignoring unsupported arg: port {"metadata":{"emulator":{"name":"ui"},"message":"Ignoring unsupported arg: port"}}
[debug] [2021-10-19T18:25:24.980Z] Starting Emulator UI with command {"binary":"node","args":["C:\\Users\\neha\\.cache\\firebase\\emulators\\ui-v1.6.3\\server.bundle.js"],"optionalArgs":[],"joinArgs":false} {"metadata":{"emulator":{"name":"ui"},"message":"Starting Emulator UI with command {\"binary\":\"node\",\"args\":[\"C:\\\\Users\\\\neha\\\\.cache\\\\firebase\\\\emulators\\\\ui-v1.6.3\\\\server.bundle.js\"],\"optionalArgs\":[],\"joinArgs\":false}"}}
[info] i  ui: Emulator UI logging to ui-debug.log {"metadata":{"emulator":{"name":"ui"},"message":"Emulator UI logging to \u001b[1mui-debug.log\u001b[22m"}}
[info] i  functions: Watching "D:\Challange\amazon-clone\functions" for Cloud Functions... {"metadata":{"emulator":{"name":"functions"},"message":"Watching \"D:\\Challange\\amazon-clone\\functions\" for Cloud Functions..."}}
[debug] [2021-10-19T18:25:25.601Z] [worker-pool] addWorker(~diagnostic~) {"metadata":{"emulator":{"name":"functions"},"message":"[worker-pool] addWorker(~diagnostic~)"}}
[debug] [2021-10-19T18:25:25.602Z] [worker-pool] Adding worker with key ~diagnostic~, total=1 {"metadata":{"emulator":{"name":"functions"},"message":"[worker-pool] Adding worker with key ~diagnostic~, total=1"}}
[debug] [2021-10-19T18:25:25.602Z] [worker-pool] submitWork(triggerId=) {"metadata":{"emulator":{"name":"functions"},"message":"[worker-pool] submitWork(triggerId=)"}}
[debug] [2021-10-19T18:25:25.603Z] [worker-~diagnostic~-a3318e79-8d10-4426-8dbb-f440ee6b84f3]: Assigning socketPath: \\?\pipe\D:\Challange\amazon-clone\functions\1908 {"metadata":{"emulator":{"name":"functions"},"message":"[worker-~diagnostic~-a3318e79-8d10-4426-8dbb-f440ee6b84f3]: Assigning socketPath: \\\\?\\pipe\\D:\\Challange\\amazon-clone\\functions\\1908"}}
[debug] [2021-10-19T18:25:25.604Z] [worker-~diagnostic~-a3318e79-8d10-4426-8dbb-f440ee6b84f3]: BUSY {"metadata":{"emulator":{"name":"functions"},"message":"[worker-~diagnostic~-a3318e79-8d10-4426-8dbb-f440ee6b84f3]: BUSY"}}
[debug] [2021-10-19T18:25:25.609Z] Web / API server started at localhost:4000
 {"metadata":{"emulator":{"name":"ui"},"message":"Web / API server started at localhost:4000\n"}}
[debug] [2021-10-19T18:25:26.571Z] [runtime-status] [1908] Functions runtime initialized. {"cwd":"D:\\Challange\\amazon-clone\\functions","node_version":"14.17.3"} {"metadata":{"emulator":{"name":"functions"},"message":"[runtime-status] [1908] Functions runtime initialized. {\"cwd\":\"D:\\\\Challange\\\\amazon-clone\\\\functions\",\"node_version\":\"14.17.3\"}"}}
[debug] [2021-10-19T18:25:26.573Z] [runtime-status] [1908] Disabled runtime features: undefined {"metadata":{"emulator":{"name":"functions"},"message":"[runtime-status] [1908] Disabled runtime features: undefined"}}
[debug] [2021-10-19T18:25:26.668Z] [runtime-status] [1908] Resolved module firebase-admin {"declared":true,"installed":true,"version":"9.12.0","resolution":"D:\\Challange\\amazon-clone\\functions\\node_modules\\firebase-admin\\lib\\index.js"} {"metadata":{"emulator":{"name":"functions"},"message":"[runtime-status] [1908] Resolved module firebase-admin {\"declared\":true,\"installed\":true,\"version\":\"9.12.0\",\"resolution\":\"D:\\\\Challange\\\\amazon-clone\\\\functions\\\\node_modules\\\\firebase-admin\\\\lib\\\\index.js\"}"}}
[debug] [2021-10-19T18:25:26.689Z] [runtime-status] [1908] Resolved module firebase-functions {"declared":true,"installed":true,"version":"3.15.7","resolution":"D:\\Challange\\amazon-clone\\functions\\node_modules\\firebase-functions\\lib\\index.js"} {"metadata":{"emulator":{"name":"functions"},"message":"[runtime-status] [1908] Resolved module firebase-functions {\"declared\":true,\"installed\":true,\"version\":\"3.15.7\",\"resolution\":\"D:\\\\Challange\\\\amazon-clone\\\\functions\\\\node_modules\\\\firebase-functions\\\\lib\\\\index.js\"}"}}
[debug] [2021-10-19T18:25:26.695Z] [runtime-status] [1908] Outgoing network have been stubbed. [{"name":"http","status":"mocked"},{"name":"http","status":"mocked"},{"name":"https","status":"mocked"},{"name":"https","status":"mocked"},{"name":"net","status":"mocked"}] {"metadata":{"emulator":{"name":"functions"},"message":"[runtime-status] [1908] Outgoing network have been stubbed. [{\"name\":\"http\",\"status\":\"mocked\"},{\"name\":\"http\",\"status\":\"mocked\"},{\"name\":\"https\",\"status\":\"mocked\"},{\"name\":\"https\",\"status\":\"mocked\"},{\"name\":\"net\",\"status\":\"mocked\"}]"}}
[debug] [2021-10-19T18:25:26.701Z] [runtime-status] [1908] Resolved module firebase-functions {"declared":true,"installed":true,"version":"3.15.7","resolution":"D:\\Challange\\amazon-clone\\functions\\node_modules\\firebase-functions\\lib\\index.js"} {"metadata":{"emulator":{"name":"functions"},"message":"[runtime-status] [1908] Resolved module firebase-functions {\"declared\":true,\"installed\":true,\"version\":\"3.15.7\",\"resolution\":\"D:\\\\Challange\\\\amazon-clone\\\\functions\\\\node_modules\\\\firebase-functions\\\\lib\\\\index.js\"}"}}
[debug] [2021-10-19T18:25:27.191Z] [work-queue] {"queueLength":1,"workRunningCount":0}
[debug] [2021-10-19T18:25:27.192Z] [work-queue] {"queueLength":0,"workRunningCount":1}
[debug] [2021-10-19T18:25:27.203Z] [work-queue] {"queueLength":0,"workRunningCount":0}
[debug] [2021-10-19T18:25:27.355Z] [runtime-status] [1908] Checked functions.config() {"config":{}} {"metadata":{"emulator":{"name":"functions"},"message":"[runtime-status] [1908] Checked functions.config() {\"config\":{}}"}}
[debug] [2021-10-19T18:25:27.356Z] [runtime-status] [1908] firebase-functions has been stubbed. {"functionsResolution":{"declared":true,"installed":true,"version":"3.15.7","resolution":"D:\\Challange\\amazon-clone\\functions\\node_modules\\firebase-functions\\lib\\index.js"}} {"metadata":{"emulator":{"name":"functions"},"message":"[runtime-status] [1908] firebase-functions has been stubbed. {\"functionsResolution\":{\"declared\":true,\"installed\":true,\"version\":\"3.15.7\",\"resolution\":\"D:\\\\Challange\\\\amazon-clone\\\\functions\\\\node_modules\\\\firebase-functions\\\\lib\\\\index.js\"}}"}}
[debug] [2021-10-19T18:25:27.362Z] [runtime-status] [1908] Resolved module firebase-functions {"declared":true,"installed":true,"version":"3.15.7","resolution":"D:\\Challange\\amazon-clone\\functions\\node_modules\\firebase-functions\\lib\\index.js"} {"metadata":{"emulator":{"name":"functions"},"message":"[runtime-status] [1908] Resolved module firebase-functions {\"declared\":true,\"installed\":true,\"version\":\"3.15.7\",\"resolution\":\"D:\\\\Challange\\\\amazon-clone\\\\functions\\\\node_modules\\\\firebase-functions\\\\lib\\\\index.js\"}"}}
[debug] [2021-10-19T18:25:27.371Z] [runtime-status] [1908] Resolved module firebase-admin {"declared":true,"installed":true,"version":"9.12.0","resolution":"D:\\Challange\\amazon-clone\\functions\\node_modules\\firebase-admin\\lib\\index.js"} {"metadata":{"emulator":{"name":"functions"},"message":"[runtime-status] [1908] Resolved module firebase-admin {\"declared\":true,\"installed\":true,\"version\":\"9.12.0\",\"resolution\":\"D:\\\\Challange\\\\amazon-clone\\\\functions\\\\node_modules\\\\firebase-admin\\\\lib\\\\index.js\"}"}}
[debug] [2021-10-19T18:25:27.375Z] [runtime-status] [1908] Resolved module firebase-functions {"declared":true,"installed":true,"version":"3.15.7","resolution":"D:\\Challange\\amazon-clone\\functions\\node_modules\\firebase-functions\\lib\\index.js"} {"metadata":{"emulator":{"name":"functions"},"message":"[runtime-status] [1908] Resolved module firebase-functions {\"declared\":true,\"installed\":true,\"version\":\"3.15.7\",\"resolution\":\"D:\\\\Challange\\\\amazon-clone\\\\functions\\\\node_modules\\\\firebase-functions\\\\lib\\\\index.js\"}"}}
[debug] [2021-10-19T18:25:27.377Z] [runtime-status] [1908] firebase-admin has been stubbed. {"adminResolution":{"declared":true,"installed":true,"version":"9.12.0","resolution":"D:\\Challange\\amazon-clone\\functions\\node_modules\\firebase-admin\\lib\\index.js"}} {"metadata":{"emulator":{"name":"functions"},"message":"[runtime-status] [1908] firebase-admin has been stubbed. {\"adminResolution\":{\"declared\":true,\"installed\":true,\"version\":\"9.12.0\",\"resolution\":\"D:\\\\Challange\\\\amazon-clone\\\\functions\\\\node_modules\\\\firebase-admin\\\\lib\\\\index.js\"}}"}}
[info] +  functions[us-central1-api]: http function initialized (http://localhost:5001/fir-e0f1a/us-central1/api). {"metadata":{"emulator":{"name":"functions"},"message":"\u001b[1mhttp\u001b[22m function initialized (http://localhost:5001/fir-e0f1a/us-central1/api)."}}
[info] 
┌─────────────────────────────────────────────────────────────┐
│ ✔  All emulators ready! It is now safe to connect your app. │
│ i  View Emulator UI at http://localhost:4000                │
└─────────────────────────────────────────────────────────────┘

┌───────────┬────────────────┬─────────────────────────────────┐
│ Emulator  │ Host:Port      │ View in Emulator UI             │
├───────────┼────────────────┼─────────────────────────────────┤
│ Functions │ localhost:5001 │ http://localhost:4000/functions │
├───────────┼────────────────┼─────────────────────────────────┤
│ Hosting   │ localhost:5000 │ n/a                             │
└───────────┴────────────────┴─────────────────────────────────┘
  Emulator Hub running at localhost:4400
  Other reserved ports: 4500

Issues? Report them at https://github.com/firebase/firebase-tools/issues and attach the *-debug.log files.
 
[debug] [2021-10-19T18:25:29.537Z] [worker-~diagnostic~-a3318e79-8d10-4426-8dbb-f440ee6b84f3]: IDLE {"metadata":{"emulator":{"name":"functions"},"message":"[worker-~diagnostic~-a3318e79-8d10-4426-8dbb-f440ee6b84f3]: IDLE"}}
[debug] [2021-10-19T18:25:37.035Z] [work-queue] {"queueLength":1,"workRunningCount":0}
[debug] [2021-10-19T18:25:37.036Z] [work-queue] {"queueLength":0,"workRunningCount":1}
[debug] [2021-10-19T18:25:37.036Z] Accepted request POST /fir-e0f1a/us-central1/api/payments/create?total=1196 --> us-central1-api
[debug] [2021-10-19T18:25:37.055Z] [worker-pool] addWorker(us-central1-api) {"metadata":{"emulator":{"name":"functions"},"message":"[worker-pool] addWorker(us-central1-api)"}}
[debug] [2021-10-19T18:25:37.055Z] [worker-pool] Adding worker with key us-central1-api, total=1 {"metadata":{"emulator":{"name":"functions"},"message":"[worker-pool] Adding worker with key us-central1-api, total=1"}}
[debug] [2021-10-19T18:25:37.055Z] [worker-pool] submitWork(triggerId=us-central1-api) {"metadata":{"emulator":{"name":"functions"},"message":"[worker-pool] submitWork(triggerId=us-central1-api)"}}
[debug] [2021-10-19T18:25:37.055Z] [worker-us-central1-api-87ef46fc-9a83-487e-924d-c81541d8eea6]: Assigning socketPath: \\?\pipe\D:\Challange\amazon-clone\functions\8496 {"metadata":{"emulator":{"name":"functions"},"message":"[worker-us-central1-api-87ef46fc-9a83-487e-924d-c81541d8eea6]: Assigning socketPath: \\\\?\\pipe\\D:\\Challange\\amazon-clone\\functions\\8496"}}
[debug] [2021-10-19T18:25:37.056Z] [worker-us-central1-api-87ef46fc-9a83-487e-924d-c81541d8eea6]: BUSY {"metadata":{"emulator":{"name":"functions"},"message":"[worker-us-central1-api-87ef46fc-9a83-487e-924d-c81541d8eea6]: BUSY"}}
[debug] [2021-10-19T18:25:37.859Z] [runtime-status] [8496] Functions runtime initialized. {"cwd":"D:\\Challange\\amazon-clone\\functions","node_version":"14.17.3"} {"metadata":{"emulator":{"name":"functions"},"function":{"name":"us-central1-api"},"message":"[runtime-status] [8496] Functions runtime initialized. {\"cwd\":\"D:\\\\Challange\\\\amazon-clone\\\\functions\",\"node_version\":\"14.17.3\"}"}}
[debug] [2021-10-19T18:25:37.866Z] [runtime-status] [8496] Disabled runtime features: undefined {"metadata":{"emulator":{"name":"functions"},"function":{"name":"us-central1-api"},"message":"[runtime-status] [8496] Disabled runtime features: undefined"}}
[debug] [2021-10-19T18:25:37.875Z] [runtime-status] [8496] Resolved module firebase-admin {"declared":true,"installed":true,"version":"9.12.0","resolution":"D:\\Challange\\amazon-clone\\functions\\node_modules\\firebase-admin\\lib\\index.js"} {"metadata":{"emulator":{"name":"functions"},"function":{"name":"us-central1-api"},"message":"[runtime-status] [8496] Resolved module firebase-admin {\"declared\":true,\"installed\":true,\"version\":\"9.12.0\",\"resolution\":\"D:\\\\Challange\\\\amazon-clone\\\\functions\\\\node_modules\\\\firebase-admin\\\\lib\\\\index.js\"}"}}
[debug] [2021-10-19T18:25:37.884Z] [runtime-status] [8496] Resolved module firebase-functions {"declared":true,"installed":true,"version":"3.15.7","resolution":"D:\\Challange\\amazon-clone\\functions\\node_modules\\firebase-functions\\lib\\index.js"} {"metadata":{"emulator":{"name":"functions"},"function":{"name":"us-central1-api"},"message":"[runtime-status] [8496] Resolved module firebase-functions {\"declared\":true,\"installed\":true,\"version\":\"3.15.7\",\"resolution\":\"D:\\\\Challange\\\\amazon-clone\\\\functions\\\\node_modules\\\\firebase-functions\\\\lib\\\\index.js\"}"}}
[debug] [2021-10-19T18:25:37.888Z] [runtime-status] [8496] Outgoing network have been stubbed. [{"name":"http","status":"mocked"},{"name":"http","status":"mocked"},{"name":"https","status":"mocked"},{"name":"https","status":"mocked"},{"name":"net","status":"mocked"}] {"metadata":{"emulator":{"name":"functions"},"function":{"name":"us-central1-api"},"message":"[runtime-status] [8496] Outgoing network have been stubbed. [{\"name\":\"http\",\"status\":\"mocked\"},{\"name\":\"http\",\"status\":\"mocked\"},{\"name\":\"https\",\"status\":\"mocked\"},{\"name\":\"https\",\"status\":\"mocked\"},{\"name\":\"net\",\"status\":\"mocked\"}]"}}
[debug] [2021-10-19T18:25:37.890Z] [runtime-status] [8496] Resolved module firebase-functions {"declared":true,"installed":true,"version":"3.15.7","resolution":"D:\\Challange\\amazon-clone\\functions\\node_modules\\firebase-functions\\lib\\index.js"} {"metadata":{"emulator":{"name":"functions"},"function":{"name":"us-central1-api"},"message":"[runtime-status] [8496] Resolved module firebase-functions {\"declared\":true,\"installed\":true,\"version\":\"3.15.7\",\"resolution\":\"D:\\\\Challange\\\\amazon-clone\\\\functions\\\\node_modules\\\\firebase-functions\\\\lib\\\\index.js\"}"}}
[debug] [2021-10-19T18:25:38.033Z] [runtime-status] [8496] Checked functions.config() {"config":{}} {"metadata":{"emulator":{"name":"functions"},"function":{"name":"us-central1-api"},"message":"[runtime-status] [8496] Checked functions.config() {\"config\":{}}"}}
[debug] [2021-10-19T18:25:38.034Z] [runtime-status] [8496] firebase-functions has been stubbed. {"functionsResolution":{"declared":true,"installed":true,"version":"3.15.7","resolution":"D:\\Challange\\amazon-clone\\functions\\node_modules\\firebase-functions\\lib\\index.js"}} {"metadata":{"emulator":{"name":"functions"},"function":{"name":"us-central1-api"},"message":"[runtime-status] [8496] firebase-functions has been stubbed. {\"functionsResolution\":{\"declared\":true,\"installed\":true,\"version\":\"3.15.7\",\"resolution\":\"D:\\\\Challange\\\\amazon-clone\\\\functions\\\\node_modules\\\\firebase-functions\\\\lib\\\\index.js\"}}"}}
[debug] [2021-10-19T18:25:38.037Z] [runtime-status] [8496] Resolved module firebase-functions {"declared":true,"installed":true,"version":"3.15.7","resolution":"D:\\Challange\\amazon-clone\\functions\\node_modules\\firebase-functions\\lib\\index.js"} {"metadata":{"emulator":{"name":"functions"},"function":{"name":"us-central1-api"},"message":"[runtime-status] [8496] Resolved module firebase-functions {\"declared\":true,\"installed\":true,\"version\":\"3.15.7\",\"resolution\":\"D:\\\\Challange\\\\amazon-clone\\\\functions\\\\node_modules\\\\firebase-functions\\\\lib\\\\index.js\"}"}}
[debug] [2021-10-19T18:25:38.041Z] [runtime-status] [8496] Resolved module firebase-admin {"declared":true,"installed":true,"version":"9.12.0","resolution":"D:\\Challange\\amazon-clone\\functions\\node_modules\\firebase-admin\\lib\\index.js"} {"metadata":{"emulator":{"name":"functions"},"function":{"name":"us-central1-api"},"message":"[runtime-status] [8496] Resolved module firebase-admin {\"declared\":true,\"installed\":true,\"version\":\"9.12.0\",\"resolution\":\"D:\\\\Challange\\\\amazon-clone\\\\functions\\\\node_modules\\\\firebase-admin\\\\lib\\\\index.js\"}"}}
[debug] [2021-10-19T18:25:38.043Z] [runtime-status] [8496] Resolved module firebase-functions {"declared":true,"installed":true,"version":"3.15.7","resolution":"D:\\Challange\\amazon-clone\\functions\\node_modules\\firebase-functions\\lib\\index.js"} {"metadata":{"emulator":{"name":"functions"},"function":{"name":"us-central1-api"},"message":"[runtime-status] [8496] Resolved module firebase-functions {\"declared\":true,\"installed\":true,\"version\":\"3.15.7\",\"resolution\":\"D:\\\\Challange\\\\amazon-clone\\\\functions\\\\node_modules\\\\firebase-functions\\\\lib\\\\index.js\"}"}}
[debug] [2021-10-19T18:25:38.045Z] [runtime-status] [8496] firebase-admin has been stubbed. {"adminResolution":{"declared":true,"installed":true,"version":"9.12.0","resolution":"D:\\Challange\\amazon-clone\\functions\\node_modules\\firebase-admin\\lib\\index.js"}} {"metadata":{"emulator":{"name":"functions"},"function":{"name":"us-central1-api"},"message":"[runtime-status] [8496] firebase-admin has been stubbed. {\"adminResolution\":{\"declared\":true,\"installed\":true,\"version\":\"9.12.0\",\"resolution\":\"D:\\\\Challange\\\\amazon-clone\\\\functions\\\\node_modules\\\\firebase-admin\\\\lib\\\\index.js\"}}"}}
[debug] [2021-10-19T18:25:38.535Z] [runtime-status] [8496] Trigger "us-central1-api" has been found, beginning invocation! {"metadata":{"emulator":{"name":"functions"},"function":{"name":"us-central1-api"},"message":"[runtime-status] [8496] Trigger \"us-central1-api\" has been found, beginning invocation!"}}
[info] i  functions: Beginning execution of "us-central1-api" {"metadata":{"emulator":{"name":"functions"},"function":{"name":"us-central1-api"},"message":"Beginning execution of \"us-central1-api\""}}
[debug] [2021-10-19T18:25:38.537Z] [runtime-status] [8496] triggerDefinition {"httpsTrigger":{},"name":"api","entryPoint":"api","regions":["us-central1"],"region":"us-central1","id":"us-central1-api"} {"metadata":{"emulator":{"name":"functions"},"function":{"name":"us-central1-api"},"message":"[runtime-status] [8496] triggerDefinition {\"httpsTrigger\":{},\"name\":\"api\",\"entryPoint\":\"api\",\"regions\":[\"us-central1\"],\"region\":\"us-central1\",\"id\":\"us-central1-api\"}"}}
[debug] [2021-10-19T18:25:38.538Z] [runtime-status] [8496] Running us-central1-api in signature http {"metadata":{"emulator":{"name":"functions"},"function":{"name":"us-central1-api"},"message":"[runtime-status] [8496] Running us-central1-api in signature http"}}
[debug] [2021-10-19T18:25:38.553Z] [runtime-status] [8496] Attempting to listen to socketPath: \\?\pipe\D:\Challange\amazon-clone\functions\8496 {"metadata":{"emulator":{"name":"functions"},"function":{"name":"us-central1-api"},"message":"[runtime-status] [8496] Attempting to listen to socketPath: \\\\?\\pipe\\D:\\Challange\\amazon-clone\\functions\\8496"}}
[debug] [2021-10-19T18:25:38.564Z] [functions] Runtime ready! Sending request! {"metadata":{"emulator":{"name":"functions"},"message":"[functions] Runtime ready! Sending request!"}}
[debug] [2021-10-19T18:25:38.567Z] [functions] Got req.url=/fir-e0f1a/us-central1/api/payments/create?total=1196, mapping to path=/payments/create?total=1196 {"metadata":{"emulator":{"name":"functions"},"message":"[functions] Got req.url=/fir-e0f1a/us-central1/api/payments/create?total=1196, mapping to path=/payments/create?total=1196"}}
[debug] [2021-10-19T18:25:38.595Z] [runtime-status] [8496] Ephemeral server handling POST request {"metadata":{"emulator":{"name":"functions"},"function":{"name":"us-central1-api"},"message":"[runtime-status] [8496] Ephemeral server handling POST request"}}
[info] >  Payment request recieved 1196 {"user":"Payment request recieved 1196","metadata":{"emulator":{"name":"functions"},"function":{"name":"us-central1-api"},"message":"\u001b[90m> \u001b[39m Payment request recieved 1196"}}
[debug] [2021-10-19T18:25:38.639Z] [runtime-status] [8496] Ephemeral server survived. {"metadata":{"emulator":{"name":"functions"},"function":{"name":"us-central1-api"},"message":"[runtime-status] [8496] Ephemeral server survived."}}
[info] i  functions: Finished "us-central1-api" in ~1s {"metadata":{"emulator":{"name":"functions"},"function":{"name":"us-central1-api"},"message":"Finished \"us-central1-api\" in ~1s"}}
[debug] [2021-10-19T18:25:39.691Z] [worker-us-central1-api-87ef46fc-9a83-487e-924d-c81541d8eea6]: IDLE {"metadata":{"emulator":{"name":"functions"},"message":"[worker-us-central1-api-87ef46fc-9a83-487e-924d-c81541d8eea6]: IDLE"}}
[debug] [2021-10-19T18:25:39.692Z] [work-queue] {"queueLength":0,"workRunningCount":0}
[debug] [2021-10-19T18:25:54.295Z] [work-queue] {"queueLength":1,"workRunningCount":0}
[debug] [2021-10-19T18:25:54.295Z] [work-queue] {"queueLength":0,"workRunningCount":1}
[debug] [2021-10-19T18:25:54.296Z] Accepted request POST /fir-e0f1a/us-central1/api/payments/create?total=0 --> us-central1-api
[debug] [2021-10-19T18:25:54.297Z] [worker-pool] submitWork(triggerId=us-central1-api) {"metadata":{"emulator":{"name":"functions"},"message":"[worker-pool] submitWork(triggerId=us-central1-api)"}}
[debug] [2021-10-19T18:25:54.297Z] [worker-us-central1-api-87ef46fc-9a83-487e-924d-c81541d8eea6]: Assigning socketPath: \\?\pipe\D:\Challange\amazon-clone\functions\8496 {"metadata":{"emulator":{"name":"functions"},"message":"[worker-us-central1-api-87ef46fc-9a83-487e-924d-c81541d8eea6]: Assigning socketPath: \\\\?\\pipe\\D:\\Challange\\amazon-clone\\functions\\8496"}}
[debug] [2021-10-19T18:25:54.297Z] [worker-us-central1-api-87ef46fc-9a83-487e-924d-c81541d8eea6]: BUSY {"metadata":{"emulator":{"name":"functions"},"message":"[worker-us-central1-api-87ef46fc-9a83-487e-924d-c81541d8eea6]: BUSY"}}
[debug] [2021-10-19T18:25:54.299Z] [runtime-status] [8496] Trigger "us-central1-api" has been found, beginning invocation! {"metadata":{"emulator":{"name":"functions"},"function":{"name":"us-central1-api"},"message":"[runtime-status] [8496] Trigger \"us-central1-api\" has been found, beginning invocation!"}}
[info] i  functions: Beginning execution of "us-central1-api" {"metadata":{"emulator":{"name":"functions"},"function":{"name":"us-central1-api"},"message":"Beginning execution of \"us-central1-api\""}}
[debug] [2021-10-19T18:25:54.306Z] [runtime-status] [8496] triggerDefinition {"httpsTrigger":{},"name":"api","entryPoint":"api","regions":["us-central1"],"region":"us-central1","id":"us-central1-api"} {"metadata":{"emulator":{"name":"functions"},"function":{"name":"us-central1-api"},"message":"[runtime-status] [8496] triggerDefinition {\"httpsTrigger\":{},\"name\":\"api\",\"entryPoint\":\"api\",\"regions\":[\"us-central1\"],\"region\":\"us-central1\",\"id\":\"us-central1-api\"}"}}
[debug] [2021-10-19T18:25:54.307Z] [runtime-status] [8496] Running us-central1-api in signature http {"metadata":{"emulator":{"name":"functions"},"function":{"name":"us-central1-api"},"message":"[runtime-status] [8496] Running us-central1-api in signature http"}}
[debug] [2021-10-19T18:25:54.309Z] [runtime-status] [8496] Attempting to listen to socketPath: \\?\pipe\D:\Challange\amazon-clone\functions\8496 {"metadata":{"emulator":{"name":"functions"},"function":{"name":"us-central1-api"},"message":"[runtime-status] [8496] Attempting to listen to socketPath: \\\\?\\pipe\\D:\\Challange\\amazon-clone\\functions\\8496"}}
[debug] [2021-10-19T18:25:54.314Z] [functions] Runtime ready! Sending request! {"metadata":{"emulator":{"name":"functions"},"message":"[functions] Runtime ready! Sending request!"}}
[debug] [2021-10-19T18:25:54.315Z] [functions] Got req.url=/fir-e0f1a/us-central1/api/payments/create?total=0, mapping to path=/payments/create?total=0 {"metadata":{"emulator":{"name":"functions"},"message":"[functions] Got req.url=/fir-e0f1a/us-central1/api/payments/create?total=0, mapping to path=/payments/create?total=0"}}
[debug] [2021-10-19T18:25:54.330Z] [runtime-status] [8496] Ephemeral server handling POST request {"metadata":{"emulator":{"name":"functions"},"function":{"name":"us-central1-api"},"message":"[runtime-status] [8496] Ephemeral server handling POST request"}}
[info] >  Payment request recieved 0 {"user":"Payment request recieved 0","metadata":{"emulator":{"name":"functions"},"function":{"name":"us-central1-api"},"message":"\u001b[90m> \u001b[39m Payment request recieved 0"}}
[debug] [2021-10-19T18:25:54.337Z] [runtime-status] [8496] Ephemeral server survived. {"metadata":{"emulator":{"name":"functions"},"function":{"name":"us-central1-api"},"message":"[runtime-status] [8496] Ephemeral server survived."}}
[info] >  (node:8496) UnhandledPromiseRejectionWarning: Error: This value must be greater than or equal to 1. {"user":"(node:8496) UnhandledPromiseRejectionWarning: Error: This value must be greater than or equal to 1.","metadata":{"emulator":{"name":"functions"},"function":{"name":"us-central1-api"},"message":"\u001b[90m> \u001b[39m (node:8496) UnhandledPromiseRejectionWarning: Error: This value must be greater than or equal to 1."}}
[info] >      at Function.generate (D:\Challange\amazon-clone\functions\node_modules\stripe\lib\Error.js:40:16) {"user":"    at Function.generate (D:\\Challange\\amazon-clone\\functions\\node_modules\\stripe\\lib\\Error.js:40:16)","metadata":{"emulator":{"name":"functions"},"function":{"name":"us-central1-api"},"message":"\u001b[90m> \u001b[39m     at Function.generate (D:\\Challange\\amazon-clone\\functions\\node_modules\\stripe\\lib\\Error.js:40:16)"}}
[info] >      at res.toJSON.then.StripeAPIError.message (D:\Challange\amazon-clone\functions\node_modules\stripe\lib\StripeResource.js:220:35) {"user":"    at res.toJSON.then.StripeAPIError.message (D:\\Challange\\amazon-clone\\functions\\node_modules\\stripe\\lib\\StripeResource.js:220:35)","metadata":{"emulator":{"name":"functions"},"function":{"name":"us-central1-api"},"message":"\u001b[90m> \u001b[39m     at res.toJSON.then.StripeAPIError.message (D:\\Challange\\amazon-clone\\functions\\node_modules\\stripe\\lib\\StripeResource.js:220:35)"}}
[info] >      at processTicksAndRejections (internal/process/task_queues.js:95:5) {"user":"    at processTicksAndRejections (internal/process/task_queues.js:95:5)","metadata":{"emulator":{"name":"functions"},"function":{"name":"us-central1-api"},"message":"\u001b[90m> \u001b[39m     at processTicksAndRejections (internal/process/task_queues.js:95:5)"}}
[info] >  (Use `node --trace-warnings ...` to show where the warning was created) {"user":"(Use `node --trace-warnings ...` to show where the warning was created)","metadata":{"emulator":{"name":"functions"},"function":{"name":"us-central1-api"},"message":"\u001b[90m> \u001b[39m (Use `node --trace-warnings ...` to show where the warning was created)"}}
[info] >  (node:8496) UnhandledPromiseRejectionWarning: Unhandled promise rejection. This error originated either by throwing inside of an async function without a catch block, or by rejecting a promise which was not handled with .catch(). To terminate the node process on unhandled promise rejection, use the CLI flag `--unhandled-rejections=strict` (see https://nodejs.org/api/cli.html#cli_unhandled_rejections_mode). (rejection id: 1) {"user":"(node:8496) UnhandledPromiseRejectionWarning: Unhandled promise rejection. This error originated either by throwing inside of an async function without a catch block, or by rejecting a promise which was not handled with .catch(). To terminate the node process on unhandled promise rejection, use the CLI flag `--unhandled-rejections=strict` (see https://nodejs.org/api/cli.html#cli_unhandled_rejections_mode). (rejection id: 1)","metadata":{"emulator":{"name":"functions"},"function":{"name":"us-central1-api"},"message":"\u001b[90m> \u001b[39m (node:8496) UnhandledPromiseRejectionWarning: Unhandled promise rejection. This error originated either by throwing inside of an async function without a catch block, or by rejecting a promise which was not handled with .catch(). To terminate the node process on unhandled promise rejection, use the CLI flag `--unhandled-rejections=strict` (see https://nodejs.org/api/cli.html#cli_unhandled_rejections_mode). (rejection id: 1)"}}
[info] >  (node:8496) [DEP0018] DeprecationWarning: Unhandled promise rejections are deprecated. In the future, promise rejections that are not handled will terminate the Node.js process with a non-zero exit code. {"user":"(node:8496) [DEP0018] DeprecationWarning: Unhandled promise rejections are deprecated. In the future, promise rejections that are not handled will terminate the Node.js process with a non-zero exit code.","metadata":{"emulator":{"name":"functions"},"function":{"name":"us-central1-api"},"message":"\u001b[90m> \u001b[39m (node:8496) [DEP0018] DeprecationWarning: Unhandled promise rejections are deprecated. In the future, promise rejections that are not handled will terminate the Node.js process with a non-zero exit code."}}
[warn] !  functions: Your function timed out after ~60s. To configure this timeout, see
      https://firebase.google.com/docs/functions/manage-functions#set_timeout_and_memory_allocation. {"metadata":{"emulator":{"name":"functions"},"function":{"name":"us-central1-api"},"message":"Your function timed out after ~60s. To configure this timeout, see\n      https://firebase.google.com/docs/functions/manage-functions#set_timeout_and_memory_allocation."}}
[info] >  C:\Users\neha\AppData\Roaming\npm\node_modules\firebase-tools\lib\emulator\functionsEmulatorRuntime.js:604 {"user":"C:\\Users\\neha\\AppData\\Roaming\\npm\\node_modules\\firebase-tools\\lib\\emulator\\functionsEmulatorRuntime.js:604\r","metadata":{"emulator":{"name":"functions"},"function":{"name":"us-central1-api"},"message":"\u001b[90m> \u001b[39m C:\\Users\\neha\\AppData\\Roaming\\npm\\node_modules\\firebase-tools\\lib\\emulator\\functionsEmulatorRuntime.js:604\r"}}
[info] >              throw new Error("Function timed out."); {"user":"            throw new Error(\"Function timed out.\");\r","metadata":{"emulator":{"name":"functions"},"function":{"name":"us-central1-api"},"message":"\u001b[90m> \u001b[39m             throw new Error(\"Function timed out.\");\r"}}
[info] >              ^ {"user":"            ^\r","metadata":{"emulator":{"name":"functions"},"function":{"name":"us-central1-api"},"message":"\u001b[90m> \u001b[39m             ^\r"}}
[info] >   {"user":"\r","metadata":{"emulator":{"name":"functions"},"function":{"name":"us-central1-api"},"message":"\u001b[90m> \u001b[39m \r"}}
[info] >  Error: Function timed out. {"user":"Error: Function timed out.\r","metadata":{"emulator":{"name":"functions"},"function":{"name":"us-central1-api"},"message":"\u001b[90m> \u001b[39m Error: Function timed out.\r"}}
[info] >      at Timeout._onTimeout (C:\Users\neha\AppData\Roaming\npm\node_modules\firebase-tools\lib\emulator\functionsEmulatorRuntime.js:604:19) {"user":"    at Timeout._onTimeout (C:\\Users\\neha\\AppData\\Roaming\\npm\\node_modules\\firebase-tools\\lib\\emulator\\functionsEmulatorRuntime.js:604:19)\r","metadata":{"emulator":{"name":"functions"},"function":{"name":"us-central1-api"},"message":"\u001b[90m> \u001b[39m     at Timeout._onTimeout (C:\\Users\\neha\\AppData\\Roaming\\npm\\node_modules\\firebase-tools\\lib\\emulator\\functionsEmulatorRuntime.js:604:19)\r"}}
[info] >      at listOnTimeout (internal/timers.js:557:17) {"user":"    at listOnTimeout (internal/timers.js:557:17)\r","metadata":{"emulator":{"name":"functions"},"function":{"name":"us-central1-api"},"message":"\u001b[90m> \u001b[39m     at listOnTimeout (internal/timers.js:557:17)\r"}}
[info] >      at processTimers (internal/timers.js:500:7) {"user":"    at processTimers (internal/timers.js:500:7)\r","metadata":{"emulator":{"name":"functions"},"function":{"name":"us-central1-api"},"message":"\u001b[90m> \u001b[39m     at processTimers (internal/timers.js:500:7)\r"}}
[debug] [2021-10-19T18:26:54.407Z] [worker-us-central1-api-87ef46fc-9a83-487e-924d-c81541d8eea6]: exited {"metadata":{"emulator":{"name":"functions"},"message":"[worker-us-central1-api-87ef46fc-9a83-487e-924d-c81541d8eea6]: exited"}}
[debug] [2021-10-19T18:26:54.408Z] [worker-us-central1-api-87ef46fc-9a83-487e-924d-c81541d8eea6]: FINISHED {"metadata":{"emulator":{"name":"functions"},"message":"[worker-us-central1-api-87ef46fc-9a83-487e-924d-c81541d8eea6]: FINISHED"}}
[debug] [2021-10-19T18:26:54.408Z] [work-queue] {"queueLength":0,"workRunningCount":0}
[debug] [2021-10-19T18:40:19.981Z] [worker-~diagnostic~-a3318e79-8d10-4426-8dbb-f440ee6b84f3]: exited {"metadata":{"emulator":{"name":"functions"},"message":"[worker-~diagnostic~-a3318e79-8d10-4426-8dbb-f440ee6b84f3]: exited"}}
[debug] [2021-10-23T14:27:31.617Z] ----------------------------------------------------------------------
[debug] [2021-10-23T14:27:31.621Z] Command:       C:\Program Files\nodejs\node.exe C:\Users\neha\AppData\Roaming\npm\node_modules\firebase-tools\lib\bin\firebase.js emulators:start
[debug] [2021-10-23T14:27:31.622Z] CLI Version:   9.20.0
[debug] [2021-10-23T14:27:31.622Z] Platform:      win32
[debug] [2021-10-23T14:27:31.622Z] Node Version:  v14.17.3
[debug] [2021-10-23T14:27:31.625Z] Time:          Sat Oct 23 2021 19:57:31 GMT+0530 (India Standard Time)
[debug] [2021-10-23T14:27:31.625Z] ----------------------------------------------------------------------
[debug] 
[debug] [2021-10-23T14:27:31.632Z] >>> [apiv2][query] GET https://firebase-public.firebaseio.com/cli.json [none]
[debug] [2021-10-23T14:27:31.806Z] > command requires scopes: ["email","openid","https://www.googleapis.com/auth/cloudplatformprojects.readonly","https://www.googleapis.com/auth/firebase","https://www.googleapis.com/auth/cloud-platform"]
[debug] [2021-10-23T14:27:31.807Z] > authorizing via signed-in user (nehajha12150@gmail.com)
[info] i  emulators: Starting emulators: functions, hosting {"metadata":{"emulator":{"name":"hub"},"message":"Starting emulators: functions, hosting"}}
[warn] !  emulators: It seems that you are running multiple instances of the emulator suite for project fir-e0f1a. This may result in unexpected behavior. 
[debug] [2021-10-23T14:27:31.851Z] [hub] writing locator at C:\Users\neha\AppData\Local\Temp\hub-fir-e0f1a.json
[warn] !  functions: The following emulators are not running, calls to these services from the Functions emulator will affect production: auth, firestore, database, pubsub, storage {"metadata":{"emulator":{"name":"functions"},"message":"The following emulators are not running, calls to these services from the Functions emulator will affect production: \u001b[1mauth, firestore, database, pubsub, storage\u001b[22m"}}
[info] +  functions: Using node@14 from host. {"metadata":{"emulator":{"name":"functions"},"message":"Using node@14 from host."}}
[debug] [2021-10-23T14:27:31.979Z] defaultcredentials: writing to file C:\Users\neha\AppData\Roaming\firebase\nehajha12150_gmail_com_application_default_credentials.json
[debug] [2021-10-23T14:27:31.989Z] Setting GAC to C:\Users\neha\AppData\Roaming\firebase\nehajha12150_gmail_com_application_default_credentials.json {"metadata":{"emulator":{"name":"functions"},"message":"Setting GAC to C:\\Users\\neha\\AppData\\Roaming\\firebase\\nehajha12150_gmail_com_application_default_credentials.json"}}
[debug] [2021-10-23T14:27:32.003Z] > refreshing access token with scopes: []
[debug] [2021-10-23T14:27:32.006Z] >>> HTTP REQUEST POST https://www.googleapis.com/oauth2/v3/token  
 <request body omitted>
[debug] [2021-10-23T14:27:32.503Z] <<< HTTP RESPONSE 200 {"expires":"Mon, 01 Jan 1990 00:00:00 GMT","cache-control":"no-cache, no-store, max-age=0, must-revalidate","pragma":"no-cache","date":"Sat, 23 Oct 2021 14:27:37 GMT","content-type":"application/json; charset=utf-8","vary":"X-Origin, Referer, Origin,Accept-Encoding","server":"scaffolding on HTTPServer2","x-xss-protection":"0","x-frame-options":"SAMEORIGIN","x-content-type-options":"nosniff","alt-svc":"h3=\":443\"; ma=2592000,h3-29=\":443\"; ma=2592000,h3-Q050=\":443\"; ma=2592000,h3-Q046=\":443\"; ma=2592000,h3-Q043=\":443\"; ma=2592000","accept-ranges":"none","transfer-encoding":"chunked"}
[debug] [2021-10-23T14:27:32.599Z] >>> [apiv2][query] GET https://firebase.googleapis.com/v1beta1/projects/fir-e0f1a/adminSdkConfig [none]
[debug] [2021-10-23T14:27:33.094Z] <<< [apiv2][status] GET https://firebase-public.firebaseio.com/cli.json 200
[debug] [2021-10-23T14:27:33.094Z] <<< [apiv2][body] GET https://firebase-public.firebaseio.com/cli.json {"cloudBuildErrorAfter":1594252800000,"cloudBuildWarnAfter":1590019200000,"defaultNode10After":1594252800000,"minVersion":"3.0.5","node8DeploysDisabledAfter":1613390400000,"node8RuntimeDisabledAfter":1615809600000,"node8WarnAfter":1600128000000}
[debug] [2021-10-23T14:27:33.386Z] <<< [apiv2][status] GET https://firebase.googleapis.com/v1beta1/projects/fir-e0f1a/adminSdkConfig 200
[debug] [2021-10-23T14:27:33.386Z] <<< [apiv2][body] GET https://firebase.googleapis.com/v1beta1/projects/fir-e0f1a/adminSdkConfig {"projectId":"fir-e0f1a","storageBucket":"fir-e0f1a.appspot.com","locationId":"us-central"}
[debug] [2021-10-23T14:27:33.478Z] >>> [apiv2][query] GET https://firebasehosting.googleapis.com/v1beta1/projects/fir-e0f1a/sites 
[debug] [2021-10-23T14:27:35.648Z] <<< [apiv2][status] GET https://firebasehosting.googleapis.com/v1beta1/projects/fir-e0f1a/sites 200
[debug] [2021-10-23T14:27:35.649Z] <<< [apiv2][body] GET https://firebasehosting.googleapis.com/v1beta1/projects/fir-e0f1a/sites {"sites":[{"name":"projects/85738848519/sites/fir-e0f1a","defaultUrl":"https://fir-e0f1a.web.app","appId":"1:85738848519:web:a825ad98931bd1fb8805a2","type":"DEFAULT_SITE"}]}
[debug] [2021-10-23T14:27:35.649Z] >>> [apiv2][query] GET https://firebase.googleapis.com/v1beta1/projects/fir-e0f1a/webApps/1:85738848519:web:a825ad98931bd1fb8805a2/config [none]
[debug] [2021-10-23T14:27:37.380Z] <<< [apiv2][status] GET https://firebase.googleapis.com/v1beta1/projects/fir-e0f1a/webApps/1:85738848519:web:a825ad98931bd1fb8805a2/config 200
[debug] [2021-10-23T14:27:37.380Z] <<< [apiv2][body] GET https://firebase.googleapis.com/v1beta1/projects/fir-e0f1a/webApps/1:85738848519:web:a825ad98931bd1fb8805a2/config {"projectId":"fir-e0f1a","appId":"1:85738848519:web:a825ad98931bd1fb8805a2","storageBucket":"fir-e0f1a.appspot.com","locationId":"us-central","apiKey":"AIzaSyDYT2iVIVZp-CxCxPdNeRHHepVsoTka-b0","authDomain":"fir-e0f1a.firebaseapp.com","messagingSenderId":"85738848519","measurementId":"G-DX89GMHTY8"}
[info] i  hosting: Serving hosting files from: build {"metadata":{"emulator":{"name":"hosting"},"message":"Serving hosting files from: \u001b[1mbuild\u001b[22m"}}
[info] +  hosting: Local server: http://localhost:5000 {"metadata":{"emulator":{"name":"hosting"},"message":"Local server: \u001b[4m\u001b[1mhttp://localhost:5000\u001b[22m\u001b[24m"}}
[debug] [2021-10-23T14:27:37.561Z] Ignoring unsupported arg: auto_download {"metadata":{"emulator":{"name":"ui"},"message":"Ignoring unsupported arg: auto_download"}}
[debug] [2021-10-23T14:27:37.562Z] Ignoring unsupported arg: port {"metadata":{"emulator":{"name":"ui"},"message":"Ignoring unsupported arg: port"}}
[debug] [2021-10-23T14:27:37.563Z] Starting Emulator UI with command {"binary":"node","args":["C:\\Users\\neha\\.cache\\firebase\\emulators\\ui-v1.6.3\\server.bundle.js"],"optionalArgs":[],"joinArgs":false} {"metadata":{"emulator":{"name":"ui"},"message":"Starting Emulator UI with command {\"binary\":\"node\",\"args\":[\"C:\\\\Users\\\\neha\\\\.cache\\\\firebase\\\\emulators\\\\ui-v1.6.3\\\\server.bundle.js\"],\"optionalArgs\":[],\"joinArgs\":false}"}}
[info] i  ui: Emulator UI logging to ui-debug.log {"metadata":{"emulator":{"name":"ui"},"message":"Emulator UI logging to \u001b[1mui-debug.log\u001b[22m"}}
[debug] [2021-10-23T14:27:37.946Z] Web / API server started at localhost:4000
 {"metadata":{"emulator":{"name":"ui"},"message":"Web / API server started at localhost:4000\n"}}
[info] i  functions: Watching "D:\Challange\amazon-clone\functions" for Cloud Functions... {"metadata":{"emulator":{"name":"functions"},"message":"Watching \"D:\\Challange\\amazon-clone\\functions\" for Cloud Functions..."}}
[debug] [2021-10-23T14:27:38.138Z] [worker-pool] addWorker(~diagnostic~) {"metadata":{"emulator":{"name":"functions"},"message":"[worker-pool] addWorker(~diagnostic~)"}}
[debug] [2021-10-23T14:27:38.141Z] [worker-pool] Adding worker with key ~diagnostic~, total=1 {"metadata":{"emulator":{"name":"functions"},"message":"[worker-pool] Adding worker with key ~diagnostic~, total=1"}}
[debug] [2021-10-23T14:27:38.142Z] [worker-pool] submitWork(triggerId=) {"metadata":{"emulator":{"name":"functions"},"message":"[worker-pool] submitWork(triggerId=)"}}
[debug] [2021-10-23T14:27:38.144Z] [worker-~diagnostic~-d680638b-dc4c-4a89-af0e-544efa902666]: Assigning socketPath: \\?\pipe\D:\Challange\amazon-clone\functions\5440 {"metadata":{"emulator":{"name":"functions"},"message":"[worker-~diagnostic~-d680638b-dc4c-4a89-af0e-544efa902666]: Assigning socketPath: \\\\?\\pipe\\D:\\Challange\\amazon-clone\\functions\\5440"}}
[debug] [2021-10-23T14:27:38.146Z] [worker-~diagnostic~-d680638b-dc4c-4a89-af0e-544efa902666]: BUSY {"metadata":{"emulator":{"name":"functions"},"message":"[worker-~diagnostic~-d680638b-dc4c-4a89-af0e-544efa902666]: BUSY"}}
[debug] [2021-10-23T14:27:38.783Z] [runtime-status] [5440] Functions runtime initialized. {"cwd":"D:\\Challange\\amazon-clone\\functions","node_version":"14.17.3"} {"metadata":{"emulator":{"name":"functions"},"message":"[runtime-status] [5440] Functions runtime initialized. {\"cwd\":\"D:\\\\Challange\\\\amazon-clone\\\\functions\",\"node_version\":\"14.17.3\"}"}}
[debug] [2021-10-23T14:27:38.787Z] [runtime-status] [5440] Disabled runtime features: undefined {"metadata":{"emulator":{"name":"functions"},"message":"[runtime-status] [5440] Disabled runtime features: undefined"}}
[debug] [2021-10-23T14:27:39.134Z] [runtime-status] [5440] Resolved module firebase-admin {"declared":true,"installed":true,"version":"9.12.0","resolution":"D:\\Challange\\amazon-clone\\functions\\node_modules\\firebase-admin\\lib\\index.js"} {"metadata":{"emulator":{"name":"functions"},"message":"[runtime-status] [5440] Resolved module firebase-admin {\"declared\":true,\"installed\":true,\"version\":\"9.12.0\",\"resolution\":\"D:\\\\Challange\\\\amazon-clone\\\\functions\\\\node_modules\\\\firebase-admin\\\\lib\\\\index.js\"}"}}
[debug] [2021-10-23T14:27:39.239Z] [runtime-status] [5440] Resolved module firebase-functions {"declared":true,"installed":true,"version":"3.15.7","resolution":"D:\\Challange\\amazon-clone\\functions\\node_modules\\firebase-functions\\lib\\index.js"} {"metadata":{"emulator":{"name":"functions"},"message":"[runtime-status] [5440] Resolved module firebase-functions {\"declared\":true,\"installed\":true,\"version\":\"3.15.7\",\"resolution\":\"D:\\\\Challange\\\\amazon-clone\\\\functions\\\\node_modules\\\\firebase-functions\\\\lib\\\\index.js\"}"}}
[debug] [2021-10-23T14:27:39.244Z] [runtime-status] [5440] Outgoing network have been stubbed. [{"name":"http","status":"mocked"},{"name":"http","status":"mocked"},{"name":"https","status":"mocked"},{"name":"https","status":"mocked"},{"name":"net","status":"mocked"}] {"metadata":{"emulator":{"name":"functions"},"message":"[runtime-status] [5440] Outgoing network have been stubbed. [{\"name\":\"http\",\"status\":\"mocked\"},{\"name\":\"http\",\"status\":\"mocked\"},{\"name\":\"https\",\"status\":\"mocked\"},{\"name\":\"https\",\"status\":\"mocked\"},{\"name\":\"net\",\"status\":\"mocked\"}]"}}
[debug] [2021-10-23T14:27:39.247Z] [runtime-status] [5440] Resolved module firebase-functions {"declared":true,"installed":true,"version":"3.15.7","resolution":"D:\\Challange\\amazon-clone\\functions\\node_modules\\firebase-functions\\lib\\index.js"} {"metadata":{"emulator":{"name":"functions"},"message":"[runtime-status] [5440] Resolved module firebase-functions {\"declared\":true,\"installed\":true,\"version\":\"3.15.7\",\"resolution\":\"D:\\\\Challange\\\\amazon-clone\\\\functions\\\\node_modules\\\\firebase-functions\\\\lib\\\\index.js\"}"}}
[debug] [2021-10-23T14:27:40.980Z] [runtime-status] [5440] Checked functions.config() {"config":{}} {"metadata":{"emulator":{"name":"functions"},"message":"[runtime-status] [5440] Checked functions.config() {\"config\":{}}"}}
[debug] [2021-10-23T14:27:40.981Z] [runtime-status] [5440] firebase-functions has been stubbed. {"functionsResolution":{"declared":true,"installed":true,"version":"3.15.7","resolution":"D:\\Challange\\amazon-clone\\functions\\node_modules\\firebase-functions\\lib\\index.js"}} {"metadata":{"emulator":{"name":"functions"},"message":"[runtime-status] [5440] firebase-functions has been stubbed. {\"functionsResolution\":{\"declared\":true,\"installed\":true,\"version\":\"3.15.7\",\"resolution\":\"D:\\\\Challange\\\\amazon-clone\\\\functions\\\\node_modules\\\\firebase-functions\\\\lib\\\\index.js\"}}"}}
[debug] [2021-10-23T14:27:40.983Z] [runtime-status] [5440] Resolved module firebase-functions {"declared":true,"installed":true,"version":"3.15.7","resolution":"D:\\Challange\\amazon-clone\\functions\\node_modules\\firebase-functions\\lib\\index.js"} {"metadata":{"emulator":{"name":"functions"},"message":"[runtime-status] [5440] Resolved module firebase-functions {\"declared\":true,\"installed\":true,\"version\":\"3.15.7\",\"resolution\":\"D:\\\\Challange\\\\amazon-clone\\\\functions\\\\node_modules\\\\firebase-functions\\\\lib\\\\index.js\"}"}}
[debug] [2021-10-23T14:27:40.988Z] [runtime-status] [5440] Resolved module firebase-admin {"declared":true,"installed":true,"version":"9.12.0","resolution":"D:\\Challange\\amazon-clone\\functions\\node_modules\\firebase-admin\\lib\\index.js"} {"metadata":{"emulator":{"name":"functions"},"message":"[runtime-status] [5440] Resolved module firebase-admin {\"declared\":true,\"installed\":true,\"version\":\"9.12.0\",\"resolution\":\"D:\\\\Challange\\\\amazon-clone\\\\functions\\\\node_modules\\\\firebase-admin\\\\lib\\\\index.js\"}"}}
[debug] [2021-10-23T14:27:40.991Z] [runtime-status] [5440] Resolved module firebase-functions {"declared":true,"installed":true,"version":"3.15.7","resolution":"D:\\Challange\\amazon-clone\\functions\\node_modules\\firebase-functions\\lib\\index.js"} {"metadata":{"emulator":{"name":"functions"},"message":"[runtime-status] [5440] Resolved module firebase-functions {\"declared\":true,\"installed\":true,\"version\":\"3.15.7\",\"resolution\":\"D:\\\\Challange\\\\amazon-clone\\\\functions\\\\node_modules\\\\firebase-functions\\\\lib\\\\index.js\"}"}}
[debug] [2021-10-23T14:27:40.992Z] [runtime-status] [5440] firebase-admin has been stubbed. {"adminResolution":{"declared":true,"installed":true,"version":"9.12.0","resolution":"D:\\Challange\\amazon-clone\\functions\\node_modules\\firebase-admin\\lib\\index.js"}} {"metadata":{"emulator":{"name":"functions"},"message":"[runtime-status] [5440] firebase-admin has been stubbed. {\"adminResolution\":{\"declared\":true,\"installed\":true,\"version\":\"9.12.0\",\"resolution\":\"D:\\\\Challange\\\\amazon-clone\\\\functions\\\\node_modules\\\\firebase-admin\\\\lib\\\\index.js\"}}"}}
[info] +  functions[us-central1-api]: http function initialized (http://localhost:5001/fir-e0f1a/us-central1/api). {"metadata":{"emulator":{"name":"functions"},"message":"\u001b[1mhttp\u001b[22m function initialized (http://localhost:5001/fir-e0f1a/us-central1/api)."}}
[info] 
┌─────────────────────────────────────────────────────────────┐
│ ✔  All emulators ready! It is now safe to connect your app. │
│ i  View Emulator UI at http://localhost:4000                │
└─────────────────────────────────────────────────────────────┘

┌───────────┬────────────────┬─────────────────────────────────┐
│ Emulator  │ Host:Port      │ View in Emulator UI             │
├───────────┼────────────────┼─────────────────────────────────┤
│ Functions │ localhost:5001 │ http://localhost:4000/functions │
├───────────┼────────────────┼─────────────────────────────────┤
│ Hosting   │ localhost:5000 │ n/a                             │
└───────────┴────────────────┴─────────────────────────────────┘
  Emulator Hub running at localhost:4400
  Other reserved ports: 4500

Issues? Report them at https://github.com/firebase/firebase-tools/issues and attach the *-debug.log files.
 
[debug] [2021-10-23T14:27:46.073Z] [worker-~diagnostic~-d680638b-dc4c-4a89-af0e-544efa902666]: IDLE {"metadata":{"emulator":{"name":"functions"},"message":"[worker-~diagnostic~-d680638b-dc4c-4a89-af0e-544efa902666]: IDLE"}}
[debug] [2021-10-23T14:30:01.619Z] [work-queue] {"queueLength":1,"workRunningCount":0}
[debug] [2021-10-23T14:30:01.620Z] [work-queue] {"queueLength":0,"workRunningCount":1}
[debug] [2021-10-23T14:30:01.622Z] Accepted request POST /fir-e0f1a/us-central1/api/payments/create?total=21195 --> us-central1-api
[debug] [2021-10-23T14:30:01.636Z] [worker-pool] addWorker(us-central1-api) {"metadata":{"emulator":{"name":"functions"},"message":"[worker-pool] addWorker(us-central1-api)"}}
[debug] [2021-10-23T14:30:01.637Z] [worker-pool] Adding worker with key us-central1-api, total=1 {"metadata":{"emulator":{"name":"functions"},"message":"[worker-pool] Adding worker with key us-central1-api, total=1"}}
[debug] [2021-10-23T14:30:01.638Z] [worker-pool] submitWork(triggerId=us-central1-api) {"metadata":{"emulator":{"name":"functions"},"message":"[worker-pool] submitWork(triggerId=us-central1-api)"}}
[debug] [2021-10-23T14:30:01.638Z] [worker-us-central1-api-6cbbb758-e630-4bc9-9cd3-85b7ef5d75ac]: Assigning socketPath: \\?\pipe\D:\Challange\amazon-clone\functions\13816 {"metadata":{"emulator":{"name":"functions"},"message":"[worker-us-central1-api-6cbbb758-e630-4bc9-9cd3-85b7ef5d75ac]: Assigning socketPath: \\\\?\\pipe\\D:\\Challange\\amazon-clone\\functions\\13816"}}
[debug] [2021-10-23T14:30:01.638Z] [worker-us-central1-api-6cbbb758-e630-4bc9-9cd3-85b7ef5d75ac]: BUSY {"metadata":{"emulator":{"name":"functions"},"message":"[worker-us-central1-api-6cbbb758-e630-4bc9-9cd3-85b7ef5d75ac]: BUSY"}}
[debug] [2021-10-23T14:30:02.250Z] [runtime-status] [13816] Functions runtime initialized. {"cwd":"D:\\Challange\\amazon-clone\\functions","node_version":"14.17.3"} {"metadata":{"emulator":{"name":"functions"},"function":{"name":"us-central1-api"},"message":"[runtime-status] [13816] Functions runtime initialized. {\"cwd\":\"D:\\\\Challange\\\\amazon-clone\\\\functions\",\"node_version\":\"14.17.3\"}"}}
[debug] [2021-10-23T14:30:02.255Z] [runtime-status] [13816] Disabled runtime features: undefined {"metadata":{"emulator":{"name":"functions"},"function":{"name":"us-central1-api"},"message":"[runtime-status] [13816] Disabled runtime features: undefined"}}
[debug] [2021-10-23T14:30:02.262Z] [runtime-status] [13816] Resolved module firebase-admin {"declared":true,"installed":true,"version":"9.12.0","resolution":"D:\\Challange\\amazon-clone\\functions\\node_modules\\firebase-admin\\lib\\index.js"} {"metadata":{"emulator":{"name":"functions"},"function":{"name":"us-central1-api"},"message":"[runtime-status] [13816] Resolved module firebase-admin {\"declared\":true,\"installed\":true,\"version\":\"9.12.0\",\"resolution\":\"D:\\\\Challange\\\\amazon-clone\\\\functions\\\\node_modules\\\\firebase-admin\\\\lib\\\\index.js\"}"}}
[debug] [2021-10-23T14:30:02.268Z] [runtime-status] [13816] Resolved module firebase-functions {"declared":true,"installed":true,"version":"3.15.7","resolution":"D:\\Challange\\amazon-clone\\functions\\node_modules\\firebase-functions\\lib\\index.js"} {"metadata":{"emulator":{"name":"functions"},"function":{"name":"us-central1-api"},"message":"[runtime-status] [13816] Resolved module firebase-functions {\"declared\":true,\"installed\":true,\"version\":\"3.15.7\",\"resolution\":\"D:\\\\Challange\\\\amazon-clone\\\\functions\\\\node_modules\\\\firebase-functions\\\\lib\\\\index.js\"}"}}
[debug] [2021-10-23T14:30:02.271Z] [runtime-status] [13816] Outgoing network have been stubbed. [{"name":"http","status":"mocked"},{"name":"http","status":"mocked"},{"name":"https","status":"mocked"},{"name":"https","status":"mocked"},{"name":"net","status":"mocked"}] {"metadata":{"emulator":{"name":"functions"},"function":{"name":"us-central1-api"},"message":"[runtime-status] [13816] Outgoing network have been stubbed. [{\"name\":\"http\",\"status\":\"mocked\"},{\"name\":\"http\",\"status\":\"mocked\"},{\"name\":\"https\",\"status\":\"mocked\"},{\"name\":\"https\",\"status\":\"mocked\"},{\"name\":\"net\",\"status\":\"mocked\"}]"}}
[debug] [2021-10-23T14:30:02.273Z] [runtime-status] [13816] Resolved module firebase-functions {"declared":true,"installed":true,"version":"3.15.7","resolution":"D:\\Challange\\amazon-clone\\functions\\node_modules\\firebase-functions\\lib\\index.js"} {"metadata":{"emulator":{"name":"functions"},"function":{"name":"us-central1-api"},"message":"[runtime-status] [13816] Resolved module firebase-functions {\"declared\":true,\"installed\":true,\"version\":\"3.15.7\",\"resolution\":\"D:\\\\Challange\\\\amazon-clone\\\\functions\\\\node_modules\\\\firebase-functions\\\\lib\\\\index.js\"}"}}
[debug] [2021-10-23T14:30:02.385Z] [runtime-status] [13816] Checked functions.config() {"config":{}} {"metadata":{"emulator":{"name":"functions"},"function":{"name":"us-central1-api"},"message":"[runtime-status] [13816] Checked functions.config() {\"config\":{}}"}}
[debug] [2021-10-23T14:30:02.386Z] [runtime-status] [13816] firebase-functions has been stubbed. {"functionsResolution":{"declared":true,"installed":true,"version":"3.15.7","resolution":"D:\\Challange\\amazon-clone\\functions\\node_modules\\firebase-functions\\lib\\index.js"}} {"metadata":{"emulator":{"name":"functions"},"function":{"name":"us-central1-api"},"message":"[runtime-status] [13816] firebase-functions has been stubbed. {\"functionsResolution\":{\"declared\":true,\"installed\":true,\"version\":\"3.15.7\",\"resolution\":\"D:\\\\Challange\\\\amazon-clone\\\\functions\\\\node_modules\\\\firebase-functions\\\\lib\\\\index.js\"}}"}}
[debug] [2021-10-23T14:30:02.390Z] [runtime-status] [13816] Resolved module firebase-functions {"declared":true,"installed":true,"version":"3.15.7","resolution":"D:\\Challange\\amazon-clone\\functions\\node_modules\\firebase-functions\\lib\\index.js"} {"metadata":{"emulator":{"name":"functions"},"function":{"name":"us-central1-api"},"message":"[runtime-status] [13816] Resolved module firebase-functions {\"declared\":true,\"installed\":true,\"version\":\"3.15.7\",\"resolution\":\"D:\\\\Challange\\\\amazon-clone\\\\functions\\\\node_modules\\\\firebase-functions\\\\lib\\\\index.js\"}"}}
[debug] [2021-10-23T14:30:02.392Z] [runtime-status] [13816] Resolved module firebase-admin {"declared":true,"installed":true,"version":"9.12.0","resolution":"D:\\Challange\\amazon-clone\\functions\\node_modules\\firebase-admin\\lib\\index.js"} {"metadata":{"emulator":{"name":"functions"},"function":{"name":"us-central1-api"},"message":"[runtime-status] [13816] Resolved module firebase-admin {\"declared\":true,\"installed\":true,\"version\":\"9.12.0\",\"resolution\":\"D:\\\\Challange\\\\amazon-clone\\\\functions\\\\node_modules\\\\firebase-admin\\\\lib\\\\index.js\"}"}}
[debug] [2021-10-23T14:30:02.393Z] [runtime-status] [13816] Resolved module firebase-functions {"declared":true,"installed":true,"version":"3.15.7","resolution":"D:\\Challange\\amazon-clone\\functions\\node_modules\\firebase-functions\\lib\\index.js"} {"metadata":{"emulator":{"name":"functions"},"function":{"name":"us-central1-api"},"message":"[runtime-status] [13816] Resolved module firebase-functions {\"declared\":true,\"installed\":true,\"version\":\"3.15.7\",\"resolution\":\"D:\\\\Challange\\\\amazon-clone\\\\functions\\\\node_modules\\\\firebase-functions\\\\lib\\\\index.js\"}"}}
[debug] [2021-10-23T14:30:02.394Z] [runtime-status] [13816] firebase-admin has been stubbed. {"adminResolution":{"declared":true,"installed":true,"version":"9.12.0","resolution":"D:\\Challange\\amazon-clone\\functions\\node_modules\\firebase-admin\\lib\\index.js"}} {"metadata":{"emulator":{"name":"functions"},"function":{"name":"us-central1-api"},"message":"[runtime-status] [13816] firebase-admin has been stubbed. {\"adminResolution\":{\"declared\":true,\"installed\":true,\"version\":\"9.12.0\",\"resolution\":\"D:\\\\Challange\\\\amazon-clone\\\\functions\\\\node_modules\\\\firebase-admin\\\\lib\\\\index.js\"}}"}}
[debug] [2021-10-23T14:30:02.796Z] [runtime-status] [13816] Trigger "us-central1-api" has been found, beginning invocation! {"metadata":{"emulator":{"name":"functions"},"function":{"name":"us-central1-api"},"message":"[runtime-status] [13816] Trigger \"us-central1-api\" has been found, beginning invocation!"}}
[info] i  functions: Beginning execution of "us-central1-api" {"metadata":{"emulator":{"name":"functions"},"function":{"name":"us-central1-api"},"message":"Beginning execution of \"us-central1-api\""}}
[debug] [2021-10-23T14:30:02.797Z] [runtime-status] [13816] triggerDefinition {"httpsTrigger":{},"name":"api","entryPoint":"api","regions":["us-central1"],"region":"us-central1","id":"us-central1-api"} {"metadata":{"emulator":{"name":"functions"},"function":{"name":"us-central1-api"},"message":"[runtime-status] [13816] triggerDefinition {\"httpsTrigger\":{},\"name\":\"api\",\"entryPoint\":\"api\",\"regions\":[\"us-central1\"],\"region\":\"us-central1\",\"id\":\"us-central1-api\"}"}}
[debug] [2021-10-23T14:30:02.798Z] [runtime-status] [13816] Running us-central1-api in signature http {"metadata":{"emulator":{"name":"functions"},"function":{"name":"us-central1-api"},"message":"[runtime-status] [13816] Running us-central1-api in signature http"}}
[debug] [2021-10-23T14:30:02.812Z] [runtime-status] [13816] Attempting to listen to socketPath: \\?\pipe\D:\Challange\amazon-clone\functions\13816 {"metadata":{"emulator":{"name":"functions"},"function":{"name":"us-central1-api"},"message":"[runtime-status] [13816] Attempting to listen to socketPath: \\\\?\\pipe\\D:\\Challange\\amazon-clone\\functions\\13816"}}
[debug] [2021-10-23T14:30:02.819Z] [functions] Runtime ready! Sending request! {"metadata":{"emulator":{"name":"functions"},"message":"[functions] Runtime ready! Sending request!"}}
[debug] [2021-10-23T14:30:02.821Z] [functions] Got req.url=/fir-e0f1a/us-central1/api/payments/create?total=21195, mapping to path=/payments/create?total=21195 {"metadata":{"emulator":{"name":"functions"},"message":"[functions] Got req.url=/fir-e0f1a/us-central1/api/payments/create?total=21195, mapping to path=/payments/create?total=21195"}}
[debug] [2021-10-23T14:30:02.855Z] [runtime-status] [13816] Ephemeral server handling POST request {"metadata":{"emulator":{"name":"functions"},"function":{"name":"us-central1-api"},"message":"[runtime-status] [13816] Ephemeral server handling POST request"}}
[info] >  Payment request recieved 21195 {"user":"Payment request recieved 21195","metadata":{"emulator":{"name":"functions"},"function":{"name":"us-central1-api"},"message":"\u001b[90m> \u001b[39m Payment request recieved 21195"}}
[debug] [2021-10-23T14:30:02.884Z] [runtime-status] [13816] Ephemeral server survived. {"metadata":{"emulator":{"name":"functions"},"function":{"name":"us-central1-api"},"message":"[runtime-status] [13816] Ephemeral server survived."}}
[info] i  functions: Finished "us-central1-api" in ~1s {"metadata":{"emulator":{"name":"functions"},"function":{"name":"us-central1-api"},"message":"Finished \"us-central1-api\" in ~1s"}}
[debug] [2021-10-23T14:30:03.999Z] [worker-us-central1-api-6cbbb758-e630-4bc9-9cd3-85b7ef5d75ac]: IDLE {"metadata":{"emulator":{"name":"functions"},"message":"[worker-us-central1-api-6cbbb758-e630-4bc9-9cd3-85b7ef5d75ac]: IDLE"}}
[debug] [2021-10-23T14:30:04.000Z] [work-queue] {"queueLength":0,"workRunningCount":0}
[debug] [2021-10-23T14:30:16.783Z] [work-queue] {"queueLength":1,"workRunningCount":0}
[debug] [2021-10-23T14:30:16.785Z] [work-queue] {"queueLength":0,"workRunningCount":1}
[debug] [2021-10-23T14:30:16.786Z] Accepted request POST /fir-e0f1a/us-central1/api/payments/create?total=0 --> us-central1-api
[debug] [2021-10-23T14:30:16.787Z] [worker-pool] submitWork(triggerId=us-central1-api) {"metadata":{"emulator":{"name":"functions"},"message":"[worker-pool] submitWork(triggerId=us-central1-api)"}}
[debug] [2021-10-23T14:30:16.788Z] [worker-us-central1-api-6cbbb758-e630-4bc9-9cd3-85b7ef5d75ac]: Assigning socketPath: \\?\pipe\D:\Challange\amazon-clone\functions\13816 {"metadata":{"emulator":{"name":"functions"},"message":"[worker-us-central1-api-6cbbb758-e630-4bc9-9cd3-85b7ef5d75ac]: Assigning socketPath: \\\\?\\pipe\\D:\\Challange\\amazon-clone\\functions\\13816"}}
[debug] [2021-10-23T14:30:16.788Z] [worker-us-central1-api-6cbbb758-e630-4bc9-9cd3-85b7ef5d75ac]: BUSY {"metadata":{"emulator":{"name":"functions"},"message":"[worker-us-central1-api-6cbbb758-e630-4bc9-9cd3-85b7ef5d75ac]: BUSY"}}
[debug] [2021-10-23T14:30:16.790Z] [runtime-status] [13816] Trigger "us-central1-api" has been found, beginning invocation! {"metadata":{"emulator":{"name":"functions"},"function":{"name":"us-central1-api"},"message":"[runtime-status] [13816] Trigger \"us-central1-api\" has been found, beginning invocation!"}}
[info] i  functions: Beginning execution of "us-central1-api" {"metadata":{"emulator":{"name":"functions"},"function":{"name":"us-central1-api"},"message":"Beginning execution of \"us-central1-api\""}}
[debug] [2021-10-23T14:30:16.813Z] [runtime-status] [13816] triggerDefinition {"httpsTrigger":{},"name":"api","entryPoint":"api","regions":["us-central1"],"region":"us-central1","id":"us-central1-api"} {"metadata":{"emulator":{"name":"functions"},"function":{"name":"us-central1-api"},"message":"[runtime-status] [13816] triggerDefinition {\"httpsTrigger\":{},\"name\":\"api\",\"entryPoint\":\"api\",\"regions\":[\"us-central1\"],\"region\":\"us-central1\",\"id\":\"us-central1-api\"}"}}
[debug] [2021-10-23T14:30:16.814Z] [runtime-status] [13816] Running us-central1-api in signature http {"metadata":{"emulator":{"name":"functions"},"function":{"name":"us-central1-api"},"message":"[runtime-status] [13816] Running us-central1-api in signature http"}}
[debug] [2021-10-23T14:30:16.815Z] [runtime-status] [13816] Attempting to listen to socketPath: \\?\pipe\D:\Challange\amazon-clone\functions\13816 {"metadata":{"emulator":{"name":"functions"},"function":{"name":"us-central1-api"},"message":"[runtime-status] [13816] Attempting to listen to socketPath: \\\\?\\pipe\\D:\\Challange\\amazon-clone\\functions\\13816"}}
[debug] [2021-10-23T14:30:16.822Z] [functions] Runtime ready! Sending request! {"metadata":{"emulator":{"name":"functions"},"message":"[functions] Runtime ready! Sending request!"}}
[debug] [2021-10-23T14:30:16.823Z] [functions] Got req.url=/fir-e0f1a/us-central1/api/payments/create?total=0, mapping to path=/payments/create?total=0 {"metadata":{"emulator":{"name":"functions"},"message":"[functions] Got req.url=/fir-e0f1a/us-central1/api/payments/create?total=0, mapping to path=/payments/create?total=0"}}
[debug] [2021-10-23T14:30:16.832Z] [runtime-status] [13816] Ephemeral server handling POST request {"metadata":{"emulator":{"name":"functions"},"function":{"name":"us-central1-api"},"message":"[runtime-status] [13816] Ephemeral server handling POST request"}}
[info] >  Payment request recieved 0 {"user":"Payment request recieved 0","metadata":{"emulator":{"name":"functions"},"function":{"name":"us-central1-api"},"message":"\u001b[90m> \u001b[39m Payment request recieved 0"}}
[debug] [2021-10-23T14:30:16.842Z] [runtime-status] [13816] Ephemeral server survived. {"metadata":{"emulator":{"name":"functions"},"function":{"name":"us-central1-api"},"message":"[runtime-status] [13816] Ephemeral server survived."}}
[info] >  (node:13816) UnhandledPromiseRejectionWarning: Error: This value must be greater than or equal to 1. {"user":"(node:13816) UnhandledPromiseRejectionWarning: Error: This value must be greater than or equal to 1.","metadata":{"emulator":{"name":"functions"},"function":{"name":"us-central1-api"},"message":"\u001b[90m> \u001b[39m (node:13816) UnhandledPromiseRejectionWarning: Error: This value must be greater than or equal to 1."}}
[info] >      at Function.generate (D:\Challange\amazon-clone\functions\node_modules\stripe\lib\Error.js:40:16) {"user":"    at Function.generate (D:\\Challange\\amazon-clone\\functions\\node_modules\\stripe\\lib\\Error.js:40:16)","metadata":{"emulator":{"name":"functions"},"function":{"name":"us-central1-api"},"message":"\u001b[90m> \u001b[39m     at Function.generate (D:\\Challange\\amazon-clone\\functions\\node_modules\\stripe\\lib\\Error.js:40:16)"}}
[info] >      at res.toJSON.then.StripeAPIError.message (D:\Challange\amazon-clone\functions\node_modules\stripe\lib\StripeResource.js:220:35) {"user":"    at res.toJSON.then.StripeAPIError.message (D:\\Challange\\amazon-clone\\functions\\node_modules\\stripe\\lib\\StripeResource.js:220:35)","metadata":{"emulator":{"name":"functions"},"function":{"name":"us-central1-api"},"message":"\u001b[90m> \u001b[39m     at res.toJSON.then.StripeAPIError.message (D:\\Challange\\amazon-clone\\functions\\node_modules\\stripe\\lib\\StripeResource.js:220:35)"}}
[info] >      at processTicksAndRejections (internal/process/task_queues.js:95:5) {"user":"    at processTicksAndRejections (internal/process/task_queues.js:95:5)","metadata":{"emulator":{"name":"functions"},"function":{"name":"us-central1-api"},"message":"\u001b[90m> \u001b[39m     at processTicksAndRejections (internal/process/task_queues.js:95:5)"}}
[info] >  (Use `node --trace-warnings ...` to show where the warning was created) {"user":"(Use `node --trace-warnings ...` to show where the warning was created)","metadata":{"emulator":{"name":"functions"},"function":{"name":"us-central1-api"},"message":"\u001b[90m> \u001b[39m (Use `node --trace-warnings ...` to show where the warning was created)"}}
[info] >  (node:13816) UnhandledPromiseRejectionWarning: Unhandled promise rejection. This error originated either by throwing inside of an async function without a catch block, or by rejecting a promise which was not handled with .catch(). To terminate the node process on unhandled promise rejection, use the CLI flag `--unhandled-rejections=strict` (see https://nodejs.org/api/cli.html#cli_unhandled_rejections_mode). (rejection id: 1) {"user":"(node:13816) UnhandledPromiseRejectionWarning: Unhandled promise rejection. This error originated either by throwing inside of an async function without a catch block, or by rejecting a promise which was not handled with .catch(). To terminate the node process on unhandled promise rejection, use the CLI flag `--unhandled-rejections=strict` (see https://nodejs.org/api/cli.html#cli_unhandled_rejections_mode). (rejection id: 1)","metadata":{"emulator":{"name":"functions"},"function":{"name":"us-central1-api"},"message":"\u001b[90m> \u001b[39m (node:13816) UnhandledPromiseRejectionWarning: Unhandled promise rejection. This error originated either by throwing inside of an async function without a catch block, or by rejecting a promise which was not handled with .catch(). To terminate the node process on unhandled promise rejection, use the CLI flag `--unhandled-rejections=strict` (see https://nodejs.org/api/cli.html#cli_unhandled_rejections_mode). (rejection id: 1)"}}
[info] >  (node:13816) [DEP0018] DeprecationWarning: Unhandled promise rejections are deprecated. In the future, promise rejections that are not handled will terminate the Node.js process with a non-zero exit code. {"user":"(node:13816) [DEP0018] DeprecationWarning: Unhandled promise rejections are deprecated. In the future, promise rejections that are not handled will terminate the Node.js process with a non-zero exit code.","metadata":{"emulator":{"name":"functions"},"function":{"name":"us-central1-api"},"message":"\u001b[90m> \u001b[39m (node:13816) [DEP0018] DeprecationWarning: Unhandled promise rejections are deprecated. In the future, promise rejections that are not handled will terminate the Node.js process with a non-zero exit code."}}
[debug] [2021-10-23T14:30:36.595Z] Received signal SIGHUP 1
